<?xml version="1.0" encoding="UTF-8"?>
<testsuite name="RnaTranscriptionTest" tests="6" skipped="0" failures="0" errors="0" timestamp="2023-07-06T16:45:34" hostname="DESKTOP-35GOOMM" time="0.071">
  <properties/>
  <testcase name="testRnaTranscriptionOfThymineIsAdenine" classname="RnaTranscriptionTest" time="0.066"/>
  <testcase name="testRnaTranscription" classname="RnaTranscriptionTest" time="0.0"/>
  <testcase name="testRnaTranscriptionOfCytosineIsGuanine" classname="RnaTranscriptionTest" time="0.001"/>
  <testcase name="testEmptyRnaSequence" classname="RnaTranscriptionTest" time="0.001"/>
  <testcase name="testRnaTranscriptionOfGuanineIsCytosine" classname="RnaTranscriptionTest" time="0.001"/>
  <testcase name="testRnaTranscriptionOfAdenineIsUracil" classname="RnaTranscriptionTest" time="0.0"/>
  <system-out><![CDATA[]]></system-out>
  <system-err><![CDATA[]]></system-err>
</testsuite>
