<?xml version="1.0" encoding="UTF-8"?>
<testsuite name="SimpleLinkedListTest" tests="7" skipped="0" failures="0" errors="0" timestamp="2023-07-05T13:17:26" hostname="DESKTOP-35GOOMM" time="0.094">
  <properties/>
  <testcase name="canReturnListAsArray" classname="SimpleLinkedListTest" time="0.009"/>
  <testcase name="reverseReversesList" classname="SimpleLinkedListTest" time="0.076"/>
  <testcase name="canCreateFromArray" classname="SimpleLinkedListTest" time="0.004"/>
  <testcase name="canReturnEmptyListAsEmptyArray" classname="SimpleLinkedListTest" time="0.0"/>
  <testcase name="popOnEmptyListWillThrow" classname="SimpleLinkedListTest" time="0.002"/>
  <testcase name="popReturnsLastAddedElement" classname="SimpleLinkedListTest" time="0.0"/>
  <testcase name="aNewListIsEmpty" classname="SimpleLinkedListTest" time="0.0"/>
  <system-out><![CDATA[9
8
7
6
8
]]></system-out>
  <system-err><![CDATA[]]></system-err>
</testsuite>
